<?xml version="1.0" encoding="UTF-8"?>
<!-- Generated by org.testng.reporters.JUnitReportReporter -->
<testsuite hostname="YMKT100046" name="com.nopcommerce.testCases.TC_LoginTest_001" tests="1" failures="0" timestamp="5 Jun 2020 05:05:26 GMT" time="16.874" errors="0">
  <testcase name="loginTest" time="16.874" classname="com.nopcommerce.testCases.TC_LoginTest_001"/>
</testsuite> <!-- com.nopcommerce.testCases.TC_LoginTest_001 -->
